MISSING INITIALIZATIONDATES: 


MISSING FREQUENCIES: 


MISSING REALMS: 


MISSING VARIABLE: 

/datazone/nmme/output1/NASA-GMAO/GEOS-5/20011101/day/atmos:
[u'/datazone/nmme/output1/NASA-GMAO/GEOS-5/20011101/day/atmos/tasmin']

/datazone/nmme/output1/NASA-GMAO/GEOS-5/19821101/day/atmos:
[u'/datazone/nmme/output1/NASA-GMAO/GEOS-5/19821101/day/atmos/tasmin']

/datazone/nmme/output1/NASA-GMAO/GEOS-5/19941101/day/atmos:
[u'/datazone/nmme/output1/NASA-GMAO/GEOS-5/19941101/day/atmos/tasmin']

/datazone/nmme/output1/NASA-GMAO/GEOS-5/19861101/day/atmos:
[u'/datazone/nmme/output1/NASA-GMAO/GEOS-5/19861101/day/atmos/tasmin']

/datazone/nmme/output1/NASA-GMAO/GEOS-5/20101101/day/atmos:
[u'/datazone/nmme/output1/NASA-GMAO/GEOS-5/20101101/day/atmos/tasmin']

/datazone/nmme/output1/NASA-GMAO/GEOS-5/19901101/day/atmos:
[u'/datazone/nmme/output1/NASA-GMAO/GEOS-5/19901101/day/atmos/tasmin']

/datazone/nmme/output1/NASA-GMAO/GEOS-5/20121101/day/atmos:
[u'/datazone/nmme/output1/NASA-GMAO/GEOS-5/20121101/day/atmos/tasmin']

/datazone/nmme/output1/NASA-GMAO/GEOS-5/19891101/day/atmos:
[u'/datazone/nmme/output1/NASA-GMAO/GEOS-5/19891101/day/atmos/tasmin']

/datazone/nmme/output1/NASA-GMAO/GEOS-5/19851101/day/atmos:
[u'/datazone/nmme/output1/NASA-GMAO/GEOS-5/19851101/day/atmos/tasmin']

/datazone/nmme/output1/NASA-GMAO/GEOS-5/20001101/day/atmos:
[u'/datazone/nmme/output1/NASA-GMAO/GEOS-5/20001101/day/atmos/tasmin']

/datazone/nmme/output1/NASA-GMAO/GEOS-5/19951101/day/atmos:
[u'/datazone/nmme/output1/NASA-GMAO/GEOS-5/19951101/day/atmos/tasmin']

/datazone/nmme/output1/NASA-GMAO/GEOS-5/19881101/day/atmos:
[u'/datazone/nmme/output1/NASA-GMAO/GEOS-5/19881101/day/atmos/tasmin']

/datazone/nmme/output1/NASA-GMAO/GEOS-5/20041101/day/atmos:
[u'/datazone/nmme/output1/NASA-GMAO/GEOS-5/20041101/day/atmos/tasmin']

/datazone/nmme/output1/NASA-GMAO/GEOS-5/20061101/day/atmos:
[u'/datazone/nmme/output1/NASA-GMAO/GEOS-5/20061101/day/atmos/tasmin']

/datazone/nmme/output1/NASA-GMAO/GEOS-5/20111101/day/atmos:
[u'/datazone/nmme/output1/NASA-GMAO/GEOS-5/20111101/day/atmos/tasmin']

/datazone/nmme/output1/NASA-GMAO/GEOS-5/19981101/day/atmos:
[u'/datazone/nmme/output1/NASA-GMAO/GEOS-5/19981101/day/atmos/tasmin']

/datazone/nmme/output1/NASA-GMAO/GEOS-5/19921101/day/atmos:
[u'/datazone/nmme/output1/NASA-GMAO/GEOS-5/19921101/day/atmos/tasmin']

/datazone/nmme/output1/NASA-GMAO/GEOS-5/19831101/day/atmos:
[u'/datazone/nmme/output1/NASA-GMAO/GEOS-5/19831101/day/atmos/tasmin']

/datazone/nmme/output1/NASA-GMAO/GEOS-5/20031101/day/atmos:
[u'/datazone/nmme/output1/NASA-GMAO/GEOS-5/20031101/day/atmos/tasmin']

/datazone/nmme/output1/NASA-GMAO/GEOS-5/19871101/day/atmos:
[u'/datazone/nmme/output1/NASA-GMAO/GEOS-5/19871101/day/atmos/tasmin']

/datazone/nmme/output1/NASA-GMAO/GEOS-5/20071101/day/atmos:
[u'/datazone/nmme/output1/NASA-GMAO/GEOS-5/20071101/day/atmos/tasmin']

/datazone/nmme/output1/NASA-GMAO/GEOS-5/19971101/day/atmos:
[u'/datazone/nmme/output1/NASA-GMAO/GEOS-5/19971101/day/atmos/tasmin']

/datazone/nmme/output1/NASA-GMAO/GEOS-5/20081101/day/atmos:
[u'/datazone/nmme/output1/NASA-GMAO/GEOS-5/20081101/day/atmos/tasmin']

/datazone/nmme/output1/NASA-GMAO/GEOS-5/19991101/day/atmos:
[u'/datazone/nmme/output1/NASA-GMAO/GEOS-5/19991101/day/atmos/tasmin']

/datazone/nmme/output1/NASA-GMAO/GEOS-5/19931101/day/atmos:
[u'/datazone/nmme/output1/NASA-GMAO/GEOS-5/19931101/day/atmos/tasmin']

/datazone/nmme/output1/NASA-GMAO/GEOS-5/19961101/day/atmos:
[u'/datazone/nmme/output1/NASA-GMAO/GEOS-5/19961101/day/atmos/tasmin']

/datazone/nmme/output1/NASA-GMAO/GEOS-5/19911101/day/atmos:
[u'/datazone/nmme/output1/NASA-GMAO/GEOS-5/19911101/day/atmos/tasmin']

/datazone/nmme/output1/NASA-GMAO/GEOS-5/20051101/day/atmos:
[u'/datazone/nmme/output1/NASA-GMAO/GEOS-5/20051101/day/atmos/tasmin']

/datazone/nmme/output1/NASA-GMAO/GEOS-5/19841101/day/atmos:
[u'/datazone/nmme/output1/NASA-GMAO/GEOS-5/19841101/day/atmos/tasmin']

/datazone/nmme/output1/NASA-GMAO/GEOS-5/20021101/day/atmos:
[u'/datazone/nmme/output1/NASA-GMAO/GEOS-5/20021101/day/atmos/tasmin']

/datazone/nmme/output1/NASA-GMAO/GEOS-5/20091101/day/atmos:
[u'/datazone/nmme/output1/NASA-GMAO/GEOS-5/20091101/day/atmos/tasmin']


MISSING ENSEMBLES: 

/datazone/nmme/output1/NASA-GMAO/GEOS-5/19840701/day/atmos/tasmin:
['r2i1p1']

/datazone/nmme/output1/NASA-GMAO/GEOS-5/19910701/day/atmos/tasmin:
['r2i1p1']

/datazone/nmme/output1/NASA-GMAO/GEOS-5/20020701/day/atmos/tasmin:
['r2i1p1']

/datazone/nmme/output1/NASA-GMAO/GEOS-5/19860701/day/atmos/tasmin:
['r2i1p1']

/datazone/nmme/output1/NASA-GMAO/GEOS-5/20100701/day/atmos/tasmin:
['r2i1p1']

/datazone/nmme/output1/NASA-GMAO/GEOS-5/19930701/day/atmos/tasmin:
['r2i1p1']

/datazone/nmme/output1/NASA-GMAO/GEOS-5/20070701/day/atmos/tasmin:
['r2i1p1']

/datazone/nmme/output1/NASA-GMAO/GEOS-5/19890701/day/atmos/tasmin:
['r2i1p1']

/datazone/nmme/output1/NASA-GMAO/GEOS-5/20030701/day/atmos/tasmin:
['r2i1p1']

/datazone/nmme/output1/NASA-GMAO/GEOS-5/20120701/day/atmos/tasmin:
['r2i1p1']

/datazone/nmme/output1/NASA-GMAO/GEOS-5/20080701/day/atmos/tasmin:
['r2i1p1']

/datazone/nmme/output1/NASA-GMAO/GEOS-5/19920701/day/atmos/tasmin:
['r2i1p1']

/datazone/nmme/output1/NASA-GMAO/GEOS-5/19940701/day/atmos/tasmin:
['r2i1p1']

/datazone/nmme/output1/NASA-GMAO/GEOS-5/19960701/day/atmos/tasmin:
['r2i1p1']

/datazone/nmme/output1/NASA-GMAO/GEOS-5/20050701/day/atmos/tasmin:
['r2i1p1']

/datazone/nmme/output1/NASA-GMAO/GEOS-5/19980701/day/atmos/tasmin:
['r2i1p1']

/datazone/nmme/output1/NASA-GMAO/GEOS-5/19850701/day/atmos/tasmin:
['r2i1p1']

/datazone/nmme/output1/NASA-GMAO/GEOS-5/20000701/day/atmos/tasmin:
['r2i1p1']

/datazone/nmme/output1/NASA-GMAO/GEOS-5/19870701/day/atmos/tasmin:
['r2i1p1']

/datazone/nmme/output1/NASA-GMAO/GEOS-5/20090701/day/atmos/tasmin:
['r2i1p1']

/datazone/nmme/output1/NASA-GMAO/GEOS-5/19900701/day/atmos/tasmin:
['r2i1p1']

/datazone/nmme/output1/NASA-GMAO/GEOS-5/19830701/day/atmos/tasmin:
['r2i1p1']

/datazone/nmme/output1/NASA-GMAO/GEOS-5/20060701/day/atmos/tasmin:
['r2i1p1']

/datazone/nmme/output1/NASA-GMAO/GEOS-5/19820701/day/atmos/tasmin:
['r2i1p1']

/datazone/nmme/output1/NASA-GMAO/GEOS-5/20010701/day/atmos/tasmin:
['r2i1p1']

/datazone/nmme/output1/NASA-GMAO/GEOS-5/19950701/day/atmos/tasmin:
['r2i1p1']

/datazone/nmme/output1/NASA-GMAO/GEOS-5/19990701/day/atmos/tasmin:
['r2i1p1']

/datazone/nmme/output1/NASA-GMAO/GEOS-5/19880701/day/atmos/tasmin:
['r2i1p1']

/datazone/nmme/output1/NASA-GMAO/GEOS-5/19970701/day/atmos/tasmin:
['r2i1p1']

/datazone/nmme/output1/NASA-GMAO/GEOS-5/20110701/day/atmos/tasmin:
['r2i1p1']

/datazone/nmme/output1/NASA-GMAO/GEOS-5/20040701/day/atmos/tasmin:
['r2i1p1']


Total Files Expected: [3720]
Total Files Found:    [3379]
Percent Found:        [90.83]
