MISSING INITIALIZATIONDATES: 

/datazone/nmme/output1/NASA-GMAO/GEOS-5:
['/datazone/nmme/output1/NASA-GMAO/GEOS-5/19821101',
 '/datazone/nmme/output1/NASA-GMAO/GEOS-5/19831101',
 '/datazone/nmme/output1/NASA-GMAO/GEOS-5/19841101',
 '/datazone/nmme/output1/NASA-GMAO/GEOS-5/19851101',
 '/datazone/nmme/output1/NASA-GMAO/GEOS-5/19861101',
 '/datazone/nmme/output1/NASA-GMAO/GEOS-5/19871101',
 '/datazone/nmme/output1/NASA-GMAO/GEOS-5/19881101',
 '/datazone/nmme/output1/NASA-GMAO/GEOS-5/19891101',
 '/datazone/nmme/output1/NASA-GMAO/GEOS-5/19901101',
 '/datazone/nmme/output1/NASA-GMAO/GEOS-5/19911101',
 '/datazone/nmme/output1/NASA-GMAO/GEOS-5/19921101',
 '/datazone/nmme/output1/NASA-GMAO/GEOS-5/19931101',
 '/datazone/nmme/output1/NASA-GMAO/GEOS-5/19941101',
 '/datazone/nmme/output1/NASA-GMAO/GEOS-5/19951101',
 '/datazone/nmme/output1/NASA-GMAO/GEOS-5/19961101',
 '/datazone/nmme/output1/NASA-GMAO/GEOS-5/19971101',
 '/datazone/nmme/output1/NASA-GMAO/GEOS-5/19981101',
 '/datazone/nmme/output1/NASA-GMAO/GEOS-5/19991101',
 '/datazone/nmme/output1/NASA-GMAO/GEOS-5/20001101',
 '/datazone/nmme/output1/NASA-GMAO/GEOS-5/20011101',
 '/datazone/nmme/output1/NASA-GMAO/GEOS-5/20021101',
 '/datazone/nmme/output1/NASA-GMAO/GEOS-5/20031101',
 '/datazone/nmme/output1/NASA-GMAO/GEOS-5/20041101',
 '/datazone/nmme/output1/NASA-GMAO/GEOS-5/20051101',
 '/datazone/nmme/output1/NASA-GMAO/GEOS-5/20061101',
 '/datazone/nmme/output1/NASA-GMAO/GEOS-5/20071101',
 '/datazone/nmme/output1/NASA-GMAO/GEOS-5/20081101',
 '/datazone/nmme/output1/NASA-GMAO/GEOS-5/20091101',
 '/datazone/nmme/output1/NASA-GMAO/GEOS-5/20101101',
 '/datazone/nmme/output1/NASA-GMAO/GEOS-5/20111101',
 '/datazone/nmme/output1/NASA-GMAO/GEOS-5/20121101']


MISSING FREQUENCIES: 


MISSING REALMS: 


MISSING VARIABLE: 

/datazone/nmme/output1/NASA-GMAO/GEOS-5/19970601/day/atmos:
[u'/datazone/nmme/output1/NASA-GMAO/GEOS-5/19970601/day/atmos/zmlo']

/datazone/nmme/output1/NASA-GMAO/GEOS-5/20000301/day/atmos:
[u'/datazone/nmme/output1/NASA-GMAO/GEOS-5/20000301/day/atmos/zmlo']

/datazone/nmme/output1/NASA-GMAO/GEOS-5/19951001/day/atmos:
[u'/datazone/nmme/output1/NASA-GMAO/GEOS-5/19951001/day/atmos/zmlo']

/datazone/nmme/output1/NASA-GMAO/GEOS-5/19910701/day/atmos:
[u'/datazone/nmme/output1/NASA-GMAO/GEOS-5/19910701/day/atmos/zmlo']

/datazone/nmme/output1/NASA-GMAO/GEOS-5/20010301/day/atmos:
[u'/datazone/nmme/output1/NASA-GMAO/GEOS-5/20010301/day/atmos/zmlo']

/datazone/nmme/output1/NASA-GMAO/GEOS-5/20000701/day/atmos:
[u'/datazone/nmme/output1/NASA-GMAO/GEOS-5/20000701/day/atmos/zmlo']

/datazone/nmme/output1/NASA-GMAO/GEOS-5/19931001/day/atmos:
[u'/datazone/nmme/output1/NASA-GMAO/GEOS-5/19931001/day/atmos/zmlo']

/datazone/nmme/output1/NASA-GMAO/GEOS-5/19890701/day/atmos:
[u'/datazone/nmme/output1/NASA-GMAO/GEOS-5/19890701/day/atmos/zmlo']

/datazone/nmme/output1/NASA-GMAO/GEOS-5/19970201/day/atmos:
[u'/datazone/nmme/output1/NASA-GMAO/GEOS-5/19970201/day/atmos/zmlo']

/datazone/nmme/output1/NASA-GMAO/GEOS-5/19950701/day/atmos:
[u'/datazone/nmme/output1/NASA-GMAO/GEOS-5/19950701/day/atmos/zmlo']

/datazone/nmme/output1/NASA-GMAO/GEOS-5/20000201/day/atmos:
[u'/datazone/nmme/output1/NASA-GMAO/GEOS-5/20000201/day/atmos/zmlo']

/datazone/nmme/output1/NASA-GMAO/GEOS-5/19830901/day/atmos:
[u'/datazone/nmme/output1/NASA-GMAO/GEOS-5/19830901/day/atmos/zmlo']

/datazone/nmme/output1/NASA-GMAO/GEOS-5/20111201/day/atmos:
[u'/datazone/nmme/output1/NASA-GMAO/GEOS-5/20111201/day/atmos/zmlo']

/datazone/nmme/output1/NASA-GMAO/GEOS-5/19860801/day/atmos:
[u'/datazone/nmme/output1/NASA-GMAO/GEOS-5/19860801/day/atmos/zmlo']

/datazone/nmme/output1/NASA-GMAO/GEOS-5/19951201/day/atmos:
[u'/datazone/nmme/output1/NASA-GMAO/GEOS-5/19951201/day/atmos/zmlo']

/datazone/nmme/output1/NASA-GMAO/GEOS-5/20031001/day/atmos:
[u'/datazone/nmme/output1/NASA-GMAO/GEOS-5/20031001/day/atmos/zmlo']

/datazone/nmme/output1/NASA-GMAO/GEOS-5/20101201/day/atmos:
[u'/datazone/nmme/output1/NASA-GMAO/GEOS-5/20101201/day/atmos/zmlo']

/datazone/nmme/output1/NASA-GMAO/GEOS-5/19840101/day/atmos:
[u'/datazone/nmme/output1/NASA-GMAO/GEOS-5/19840101/day/atmos/zmlo']

/datazone/nmme/output1/NASA-GMAO/GEOS-5/19880501/day/atmos:
[u'/datazone/nmme/output1/NASA-GMAO/GEOS-5/19880501/day/atmos/zmlo']

/datazone/nmme/output1/NASA-GMAO/GEOS-5/19960701/day/atmos:
[u'/datazone/nmme/output1/NASA-GMAO/GEOS-5/19960701/day/atmos/zmlo']

/datazone/nmme/output1/NASA-GMAO/GEOS-5/19830801/day/atmos:
[u'/datazone/nmme/output1/NASA-GMAO/GEOS-5/19830801/day/atmos/zmlo']

/datazone/nmme/output1/NASA-GMAO/GEOS-5/20090501/day/atmos:
[u'/datazone/nmme/output1/NASA-GMAO/GEOS-5/20090501/day/atmos/zmlo']

/datazone/nmme/output1/NASA-GMAO/GEOS-5/19820501/day/atmos:
[u'/datazone/nmme/output1/NASA-GMAO/GEOS-5/19820501/day/atmos/zmlo']

/datazone/nmme/output1/NASA-GMAO/GEOS-5/19980401/day/atmos:
[u'/datazone/nmme/output1/NASA-GMAO/GEOS-5/19980401/day/atmos/zmlo']

/datazone/nmme/output1/NASA-GMAO/GEOS-5/19921201/day/atmos:
[u'/datazone/nmme/output1/NASA-GMAO/GEOS-5/19921201/day/atmos/zmlo']

/datazone/nmme/output1/NASA-GMAO/GEOS-5/20030201/day/atmos:
[u'/datazone/nmme/output1/NASA-GMAO/GEOS-5/20030201/day/atmos/zmlo']

/datazone/nmme/output1/NASA-GMAO/GEOS-5/20080201/day/atmos:
[u'/datazone/nmme/output1/NASA-GMAO/GEOS-5/20080201/day/atmos/zmlo']

/datazone/nmme/output1/NASA-GMAO/GEOS-5/19910601/day/atmos:
[u'/datazone/nmme/output1/NASA-GMAO/GEOS-5/19910601/day/atmos/zmlo']

/datazone/nmme/output1/NASA-GMAO/GEOS-5/20090201/day/atmos:
[u'/datazone/nmme/output1/NASA-GMAO/GEOS-5/20090201/day/atmos/zmlo']

/datazone/nmme/output1/NASA-GMAO/GEOS-5/20050801/day/atmos:
[u'/datazone/nmme/output1/NASA-GMAO/GEOS-5/20050801/day/atmos/zmlo']

/datazone/nmme/output1/NASA-GMAO/GEOS-5/19930101/day/atmos:
[u'/datazone/nmme/output1/NASA-GMAO/GEOS-5/19930101/day/atmos/zmlo']

/datazone/nmme/output1/NASA-GMAO/GEOS-5/20100801/day/atmos:
[u'/datazone/nmme/output1/NASA-GMAO/GEOS-5/20100801/day/atmos/zmlo']

/datazone/nmme/output1/NASA-GMAO/GEOS-5/19980801/day/atmos:
[u'/datazone/nmme/output1/NASA-GMAO/GEOS-5/19980801/day/atmos/zmlo']

/datazone/nmme/output1/NASA-GMAO/GEOS-5/19871001/day/atmos:
[u'/datazone/nmme/output1/NASA-GMAO/GEOS-5/19871001/day/atmos/zmlo']

/datazone/nmme/output1/NASA-GMAO/GEOS-5/20050201/day/atmos:
[u'/datazone/nmme/output1/NASA-GMAO/GEOS-5/20050201/day/atmos/zmlo']

/datazone/nmme/output1/NASA-GMAO/GEOS-5/20070101/day/atmos:
[u'/datazone/nmme/output1/NASA-GMAO/GEOS-5/20070101/day/atmos/zmlo']

/datazone/nmme/output1/NASA-GMAO/GEOS-5/19990201/day/atmos:
[u'/datazone/nmme/output1/NASA-GMAO/GEOS-5/19990201/day/atmos/zmlo']

/datazone/nmme/output1/NASA-GMAO/GEOS-5/19960501/day/atmos:
[u'/datazone/nmme/output1/NASA-GMAO/GEOS-5/19960501/day/atmos/zmlo']

/datazone/nmme/output1/NASA-GMAO/GEOS-5/19911201/day/atmos:
[u'/datazone/nmme/output1/NASA-GMAO/GEOS-5/19911201/day/atmos/zmlo']

/datazone/nmme/output1/NASA-GMAO/GEOS-5/19911001/day/atmos:
[u'/datazone/nmme/output1/NASA-GMAO/GEOS-5/19911001/day/atmos/zmlo']

/datazone/nmme/output1/NASA-GMAO/GEOS-5/20021201/day/atmos:
[u'/datazone/nmme/output1/NASA-GMAO/GEOS-5/20021201/day/atmos/zmlo']

/datazone/nmme/output1/NASA-GMAO/GEOS-5/20030101/day/atmos:
[u'/datazone/nmme/output1/NASA-GMAO/GEOS-5/20030101/day/atmos/zmlo']

/datazone/nmme/output1/NASA-GMAO/GEOS-5/20020601/day/atmos:
[u'/datazone/nmme/output1/NASA-GMAO/GEOS-5/20020601/day/atmos/zmlo']

/datazone/nmme/output1/NASA-GMAO/GEOS-5/20100301/day/atmos:
[u'/datazone/nmme/output1/NASA-GMAO/GEOS-5/20100301/day/atmos/zmlo']

/datazone/nmme/output1/NASA-GMAO/GEOS-5/19981001/day/atmos:
[u'/datazone/nmme/output1/NASA-GMAO/GEOS-5/19981001/day/atmos/zmlo']

/datazone/nmme/output1/NASA-GMAO/GEOS-5/20080501/day/atmos:
[u'/datazone/nmme/output1/NASA-GMAO/GEOS-5/20080501/day/atmos/zmlo']

/datazone/nmme/output1/NASA-GMAO/GEOS-5/20010501/day/atmos:
[u'/datazone/nmme/output1/NASA-GMAO/GEOS-5/20010501/day/atmos/zmlo']

/datazone/nmme/output1/NASA-GMAO/GEOS-5/20090101/day/atmos:
[u'/datazone/nmme/output1/NASA-GMAO/GEOS-5/20090101/day/atmos/zmlo']

/datazone/nmme/output1/NASA-GMAO/GEOS-5/20080401/day/atmos:
[u'/datazone/nmme/output1/NASA-GMAO/GEOS-5/20080401/day/atmos/zmlo']

/datazone/nmme/output1/NASA-GMAO/GEOS-5/20011001/day/atmos:
[u'/datazone/nmme/output1/NASA-GMAO/GEOS-5/20011001/day/atmos/zmlo']

/datazone/nmme/output1/NASA-GMAO/GEOS-5/20120501/day/atmos:
[u'/datazone/nmme/output1/NASA-GMAO/GEOS-5/20120501/day/atmos/zmlo']

/datazone/nmme/output1/NASA-GMAO/GEOS-5/19970501/day/atmos:
[u'/datazone/nmme/output1/NASA-GMAO/GEOS-5/19970501/day/atmos/zmlo']

/datazone/nmme/output1/NASA-GMAO/GEOS-5/20030501/day/atmos:
[u'/datazone/nmme/output1/NASA-GMAO/GEOS-5/20030501/day/atmos/zmlo']

/datazone/nmme/output1/NASA-GMAO/GEOS-5/19900401/day/atmos:
[u'/datazone/nmme/output1/NASA-GMAO/GEOS-5/19900401/day/atmos/zmlo']

/datazone/nmme/output1/NASA-GMAO/GEOS-5/20061001/day/atmos:
[u'/datazone/nmme/output1/NASA-GMAO/GEOS-5/20061001/day/atmos/zmlo']

/datazone/nmme/output1/NASA-GMAO/GEOS-5/19940401/day/atmos:
[u'/datazone/nmme/output1/NASA-GMAO/GEOS-5/19940401/day/atmos/zmlo']

/datazone/nmme/output1/NASA-GMAO/GEOS-5/19900201/day/atmos:
[u'/datazone/nmme/output1/NASA-GMAO/GEOS-5/19900201/day/atmos/zmlo']

/datazone/nmme/output1/NASA-GMAO/GEOS-5/20120301/day/atmos:
[u'/datazone/nmme/output1/NASA-GMAO/GEOS-5/20120301/day/atmos/zmlo']

/datazone/nmme/output1/NASA-GMAO/GEOS-5/20040501/day/atmos:
[u'/datazone/nmme/output1/NASA-GMAO/GEOS-5/20040501/day/atmos/zmlo']

/datazone/nmme/output1/NASA-GMAO/GEOS-5/20110401/day/atmos:
[u'/datazone/nmme/output1/NASA-GMAO/GEOS-5/20110401/day/atmos/zmlo']

/datazone/nmme/output1/NASA-GMAO/GEOS-5/19860901/day/atmos:
[u'/datazone/nmme/output1/NASA-GMAO/GEOS-5/19860901/day/atmos/zmlo']

/datazone/nmme/output1/NASA-GMAO/GEOS-5/19870201/day/atmos:
[u'/datazone/nmme/output1/NASA-GMAO/GEOS-5/19870201/day/atmos/zmlo']

/datazone/nmme/output1/NASA-GMAO/GEOS-5/20020901/day/atmos:
[u'/datazone/nmme/output1/NASA-GMAO/GEOS-5/20020901/day/atmos/zmlo']

/datazone/nmme/output1/NASA-GMAO/GEOS-5/19860101/day/atmos:
[u'/datazone/nmme/output1/NASA-GMAO/GEOS-5/19860101/day/atmos/zmlo']

/datazone/nmme/output1/NASA-GMAO/GEOS-5/19850801/day/atmos:
[u'/datazone/nmme/output1/NASA-GMAO/GEOS-5/19850801/day/atmos/zmlo']

/datazone/nmme/output1/NASA-GMAO/GEOS-5/19870801/day/atmos:
[u'/datazone/nmme/output1/NASA-GMAO/GEOS-5/19870801/day/atmos/zmlo']

/datazone/nmme/output1/NASA-GMAO/GEOS-5/19900701/day/atmos:
[u'/datazone/nmme/output1/NASA-GMAO/GEOS-5/19900701/day/atmos/zmlo']

/datazone/nmme/output1/NASA-GMAO/GEOS-5/19980101/day/atmos:
[u'/datazone/nmme/output1/NASA-GMAO/GEOS-5/19980101/day/atmos/zmlo']

/datazone/nmme/output1/NASA-GMAO/GEOS-5/20020401/day/atmos:
[u'/datazone/nmme/output1/NASA-GMAO/GEOS-5/20020401/day/atmos/zmlo']

/datazone/nmme/output1/NASA-GMAO/GEOS-5/19990701/day/atmos:
[u'/datazone/nmme/output1/NASA-GMAO/GEOS-5/19990701/day/atmos/zmlo']

/datazone/nmme/output1/NASA-GMAO/GEOS-5/20080801/day/atmos:
[u'/datazone/nmme/output1/NASA-GMAO/GEOS-5/20080801/day/atmos/zmlo']

/datazone/nmme/output1/NASA-GMAO/GEOS-5/19820901/day/atmos:
[u'/datazone/nmme/output1/NASA-GMAO/GEOS-5/19820901/day/atmos/zmlo']

/datazone/nmme/output1/NASA-GMAO/GEOS-5/19881201/day/atmos:
[u'/datazone/nmme/output1/NASA-GMAO/GEOS-5/19881201/day/atmos/zmlo']

/datazone/nmme/output1/NASA-GMAO/GEOS-5/19901201/day/atmos:
[u'/datazone/nmme/output1/NASA-GMAO/GEOS-5/19901201/day/atmos/zmlo']

/datazone/nmme/output1/NASA-GMAO/GEOS-5/19970401/day/atmos:
[u'/datazone/nmme/output1/NASA-GMAO/GEOS-5/19970401/day/atmos/zmlo']

/datazone/nmme/output1/NASA-GMAO/GEOS-5/19860701/day/atmos:
[u'/datazone/nmme/output1/NASA-GMAO/GEOS-5/19860701/day/atmos/zmlo']

/datazone/nmme/output1/NASA-GMAO/GEOS-5/19991201/day/atmos:
[u'/datazone/nmme/output1/NASA-GMAO/GEOS-5/19991201/day/atmos/zmlo']

/datazone/nmme/output1/NASA-GMAO/GEOS-5/20011201/day/atmos:
[u'/datazone/nmme/output1/NASA-GMAO/GEOS-5/20011201/day/atmos/zmlo']

/datazone/nmme/output1/NASA-GMAO/GEOS-5/20090701/day/atmos:
[u'/datazone/nmme/output1/NASA-GMAO/GEOS-5/20090701/day/atmos/zmlo']

/datazone/nmme/output1/NASA-GMAO/GEOS-5/19970101/day/atmos:
[u'/datazone/nmme/output1/NASA-GMAO/GEOS-5/19970101/day/atmos/zmlo']

/datazone/nmme/output1/NASA-GMAO/GEOS-5/19890301/day/atmos:
[u'/datazone/nmme/output1/NASA-GMAO/GEOS-5/19890301/day/atmos/zmlo']

/datazone/nmme/output1/NASA-GMAO/GEOS-5/19830201/day/atmos:
[u'/datazone/nmme/output1/NASA-GMAO/GEOS-5/19830201/day/atmos/zmlo']

/datazone/nmme/output1/NASA-GMAO/GEOS-5/20120101/day/atmos:
[u'/datazone/nmme/output1/NASA-GMAO/GEOS-5/20120101/day/atmos/zmlo']

/datazone/nmme/output1/NASA-GMAO/GEOS-5/19850101/day/atmos:
[u'/datazone/nmme/output1/NASA-GMAO/GEOS-5/19850101/day/atmos/zmlo']

/datazone/nmme/output1/NASA-GMAO/GEOS-5/19990601/day/atmos:
[u'/datazone/nmme/output1/NASA-GMAO/GEOS-5/19990601/day/atmos/zmlo']

/datazone/nmme/output1/NASA-GMAO/GEOS-5/20000601/day/atmos:
[u'/datazone/nmme/output1/NASA-GMAO/GEOS-5/20000601/day/atmos/zmlo']

/datazone/nmme/output1/NASA-GMAO/GEOS-5/19930201/day/atmos:
[u'/datazone/nmme/output1/NASA-GMAO/GEOS-5/19930201/day/atmos/zmlo']

/datazone/nmme/output1/NASA-GMAO/GEOS-5/19880101/day/atmos:
[u'/datazone/nmme/output1/NASA-GMAO/GEOS-5/19880101/day/atmos/zmlo']

/datazone/nmme/output1/NASA-GMAO/GEOS-5/20010801/day/atmos:
[u'/datazone/nmme/output1/NASA-GMAO/GEOS-5/20010801/day/atmos/zmlo']

/datazone/nmme/output1/NASA-GMAO/GEOS-5/19950201/day/atmos:
[u'/datazone/nmme/output1/NASA-GMAO/GEOS-5/19950201/day/atmos/zmlo']

/datazone/nmme/output1/NASA-GMAO/GEOS-5/20031201/day/atmos:
[u'/datazone/nmme/output1/NASA-GMAO/GEOS-5/20031201/day/atmos/zmlo']

/datazone/nmme/output1/NASA-GMAO/GEOS-5/19880901/day/atmos:
[u'/datazone/nmme/output1/NASA-GMAO/GEOS-5/19880901/day/atmos/zmlo']

/datazone/nmme/output1/NASA-GMAO/GEOS-5/19890601/day/atmos:
[u'/datazone/nmme/output1/NASA-GMAO/GEOS-5/19890601/day/atmos/zmlo']

/datazone/nmme/output1/NASA-GMAO/GEOS-5/19880801/day/atmos:
[u'/datazone/nmme/output1/NASA-GMAO/GEOS-5/19880801/day/atmos/zmlo']

/datazone/nmme/output1/NASA-GMAO/GEOS-5/19940601/day/atmos:
[u'/datazone/nmme/output1/NASA-GMAO/GEOS-5/19940601/day/atmos/zmlo']

/datazone/nmme/output1/NASA-GMAO/GEOS-5/19950401/day/atmos:
[u'/datazone/nmme/output1/NASA-GMAO/GEOS-5/19950401/day/atmos/zmlo']

/datazone/nmme/output1/NASA-GMAO/GEOS-5/19820401/day/atmos:
[u'/datazone/nmme/output1/NASA-GMAO/GEOS-5/19820401/day/atmos/zmlo']

/datazone/nmme/output1/NASA-GMAO/GEOS-5/19931201/day/atmos:
[u'/datazone/nmme/output1/NASA-GMAO/GEOS-5/19931201/day/atmos/zmlo']

/datazone/nmme/output1/NASA-GMAO/GEOS-5/20010201/day/atmos:
[u'/datazone/nmme/output1/NASA-GMAO/GEOS-5/20010201/day/atmos/zmlo']

/datazone/nmme/output1/NASA-GMAO/GEOS-5/19920501/day/atmos:
[u'/datazone/nmme/output1/NASA-GMAO/GEOS-5/19920501/day/atmos/zmlo']

/datazone/nmme/output1/NASA-GMAO/GEOS-5/19830601/day/atmos:
[u'/datazone/nmme/output1/NASA-GMAO/GEOS-5/19830601/day/atmos/zmlo']

/datazone/nmme/output1/NASA-GMAO/GEOS-5/20051001/day/atmos:
[u'/datazone/nmme/output1/NASA-GMAO/GEOS-5/20051001/day/atmos/zmlo']

/datazone/nmme/output1/NASA-GMAO/GEOS-5/19950801/day/atmos:
[u'/datazone/nmme/output1/NASA-GMAO/GEOS-5/19950801/day/atmos/zmlo']

/datazone/nmme/output1/NASA-GMAO/GEOS-5/19900601/day/atmos:
[u'/datazone/nmme/output1/NASA-GMAO/GEOS-5/19900601/day/atmos/zmlo']

/datazone/nmme/output1/NASA-GMAO/GEOS-5/19820801/day/atmos:
[u'/datazone/nmme/output1/NASA-GMAO/GEOS-5/19820801/day/atmos/zmlo']

/datazone/nmme/output1/NASA-GMAO/GEOS-5/20010601/day/atmos:
[u'/datazone/nmme/output1/NASA-GMAO/GEOS-5/20010601/day/atmos/zmlo']

/datazone/nmme/output1/NASA-GMAO/GEOS-5/19940301/day/atmos:
[u'/datazone/nmme/output1/NASA-GMAO/GEOS-5/19940301/day/atmos/zmlo']

/datazone/nmme/output1/NASA-GMAO/GEOS-5/19861001/day/atmos:
[u'/datazone/nmme/output1/NASA-GMAO/GEOS-5/19861001/day/atmos/zmlo']

/datazone/nmme/output1/NASA-GMAO/GEOS-5/19890101/day/atmos:
[u'/datazone/nmme/output1/NASA-GMAO/GEOS-5/19890101/day/atmos/zmlo']

/datazone/nmme/output1/NASA-GMAO/GEOS-5/20100401/day/atmos:
[u'/datazone/nmme/output1/NASA-GMAO/GEOS-5/20100401/day/atmos/zmlo']

/datazone/nmme/output1/NASA-GMAO/GEOS-5/20051201/day/atmos:
[u'/datazone/nmme/output1/NASA-GMAO/GEOS-5/20051201/day/atmos/zmlo']

/datazone/nmme/output1/NASA-GMAO/GEOS-5/20021001/day/atmos:
[u'/datazone/nmme/output1/NASA-GMAO/GEOS-5/20021001/day/atmos/zmlo']

/datazone/nmme/output1/NASA-GMAO/GEOS-5/20010901/day/atmos:
[u'/datazone/nmme/output1/NASA-GMAO/GEOS-5/20010901/day/atmos/zmlo']

/datazone/nmme/output1/NASA-GMAO/GEOS-5/20060601/day/atmos:
[u'/datazone/nmme/output1/NASA-GMAO/GEOS-5/20060601/day/atmos/zmlo']

/datazone/nmme/output1/NASA-GMAO/GEOS-5/19880301/day/atmos:
[u'/datazone/nmme/output1/NASA-GMAO/GEOS-5/19880301/day/atmos/zmlo']

/datazone/nmme/output1/NASA-GMAO/GEOS-5/19850401/day/atmos:
[u'/datazone/nmme/output1/NASA-GMAO/GEOS-5/19850401/day/atmos/zmlo']

/datazone/nmme/output1/NASA-GMAO/GEOS-5/19851201/day/atmos:
[u'/datazone/nmme/output1/NASA-GMAO/GEOS-5/19851201/day/atmos/zmlo']

/datazone/nmme/output1/NASA-GMAO/GEOS-5/20100501/day/atmos:
[u'/datazone/nmme/output1/NASA-GMAO/GEOS-5/20100501/day/atmos/zmlo']

/datazone/nmme/output1/NASA-GMAO/GEOS-5/20070701/day/atmos:
[u'/datazone/nmme/output1/NASA-GMAO/GEOS-5/20070701/day/atmos/zmlo']

/datazone/nmme/output1/NASA-GMAO/GEOS-5/19991001/day/atmos:
[u'/datazone/nmme/output1/NASA-GMAO/GEOS-5/19991001/day/atmos/zmlo']

/datazone/nmme/output1/NASA-GMAO/GEOS-5/19840201/day/atmos:
[u'/datazone/nmme/output1/NASA-GMAO/GEOS-5/19840201/day/atmos/zmlo']

/datazone/nmme/output1/NASA-GMAO/GEOS-5/20100601/day/atmos:
[u'/datazone/nmme/output1/NASA-GMAO/GEOS-5/20100601/day/atmos/zmlo']

/datazone/nmme/output1/NASA-GMAO/GEOS-5/19970801/day/atmos:
[u'/datazone/nmme/output1/NASA-GMAO/GEOS-5/19970801/day/atmos/zmlo']

/datazone/nmme/output1/NASA-GMAO/GEOS-5/20070401/day/atmos:
[u'/datazone/nmme/output1/NASA-GMAO/GEOS-5/20070401/day/atmos/zmlo']

/datazone/nmme/output1/NASA-GMAO/GEOS-5/20080601/day/atmos:
[u'/datazone/nmme/output1/NASA-GMAO/GEOS-5/20080601/day/atmos/zmlo']

/datazone/nmme/output1/NASA-GMAO/GEOS-5/20070501/day/atmos:
[u'/datazone/nmme/output1/NASA-GMAO/GEOS-5/20070501/day/atmos/zmlo']

/datazone/nmme/output1/NASA-GMAO/GEOS-5/20121201/day/atmos:
[u'/datazone/nmme/output1/NASA-GMAO/GEOS-5/20121201/day/atmos/zmlo']

/datazone/nmme/output1/NASA-GMAO/GEOS-5/19820701/day/atmos:
[u'/datazone/nmme/output1/NASA-GMAO/GEOS-5/19820701/day/atmos/zmlo']

/datazone/nmme/output1/NASA-GMAO/GEOS-5/20090301/day/atmos:
[u'/datazone/nmme/output1/NASA-GMAO/GEOS-5/20090301/day/atmos/zmlo']

/datazone/nmme/output1/NASA-GMAO/GEOS-5/20081001/day/atmos:
[u'/datazone/nmme/output1/NASA-GMAO/GEOS-5/20081001/day/atmos/zmlo']

/datazone/nmme/output1/NASA-GMAO/GEOS-5/19970301/day/atmos:
[u'/datazone/nmme/output1/NASA-GMAO/GEOS-5/19970301/day/atmos/zmlo']

/datazone/nmme/output1/NASA-GMAO/GEOS-5/20110901/day/atmos:
[u'/datazone/nmme/output1/NASA-GMAO/GEOS-5/20110901/day/atmos/zmlo']

/datazone/nmme/output1/NASA-GMAO/GEOS-5/20060701/day/atmos:
[u'/datazone/nmme/output1/NASA-GMAO/GEOS-5/20060701/day/atmos/zmlo']

/datazone/nmme/output1/NASA-GMAO/GEOS-5/19900801/day/atmos:
[u'/datazone/nmme/output1/NASA-GMAO/GEOS-5/19900801/day/atmos/zmlo']

/datazone/nmme/output1/NASA-GMAO/GEOS-5/19840501/day/atmos:
[u'/datazone/nmme/output1/NASA-GMAO/GEOS-5/19840501/day/atmos/zmlo']

/datazone/nmme/output1/NASA-GMAO/GEOS-5/20000501/day/atmos:
[u'/datazone/nmme/output1/NASA-GMAO/GEOS-5/20000501/day/atmos/zmlo']

/datazone/nmme/output1/NASA-GMAO/GEOS-5/19821001/day/atmos:
[u'/datazone/nmme/output1/NASA-GMAO/GEOS-5/19821001/day/atmos/zmlo']

/datazone/nmme/output1/NASA-GMAO/GEOS-5/19890201/day/atmos:
[u'/datazone/nmme/output1/NASA-GMAO/GEOS-5/19890201/day/atmos/zmlo']

/datazone/nmme/output1/NASA-GMAO/GEOS-5/19910301/day/atmos:
[u'/datazone/nmme/output1/NASA-GMAO/GEOS-5/19910301/day/atmos/zmlo']

/datazone/nmme/output1/NASA-GMAO/GEOS-5/19820601/day/atmos:
[u'/datazone/nmme/output1/NASA-GMAO/GEOS-5/19820601/day/atmos/zmlo']

/datazone/nmme/output1/NASA-GMAO/GEOS-5/20090901/day/atmos:
[u'/datazone/nmme/output1/NASA-GMAO/GEOS-5/20090901/day/atmos/zmlo']

/datazone/nmme/output1/NASA-GMAO/GEOS-5/20070201/day/atmos:
[u'/datazone/nmme/output1/NASA-GMAO/GEOS-5/20070201/day/atmos/zmlo']

/datazone/nmme/output1/NASA-GMAO/GEOS-5/19871201/day/atmos:
[u'/datazone/nmme/output1/NASA-GMAO/GEOS-5/19871201/day/atmos/zmlo']

/datazone/nmme/output1/NASA-GMAO/GEOS-5/19960801/day/atmos:
[u'/datazone/nmme/output1/NASA-GMAO/GEOS-5/19960801/day/atmos/zmlo']

/datazone/nmme/output1/NASA-GMAO/GEOS-5/19981201/day/atmos:
[u'/datazone/nmme/output1/NASA-GMAO/GEOS-5/19981201/day/atmos/zmlo']

/datazone/nmme/output1/NASA-GMAO/GEOS-5/19950501/day/atmos:
[u'/datazone/nmme/output1/NASA-GMAO/GEOS-5/19950501/day/atmos/zmlo']

/datazone/nmme/output1/NASA-GMAO/GEOS-5/19980701/day/atmos:
[u'/datazone/nmme/output1/NASA-GMAO/GEOS-5/19980701/day/atmos/zmlo']

/datazone/nmme/output1/NASA-GMAO/GEOS-5/20020701/day/atmos:
[u'/datazone/nmme/output1/NASA-GMAO/GEOS-5/20020701/day/atmos/zmlo']

/datazone/nmme/output1/NASA-GMAO/GEOS-5/19920301/day/atmos:
[u'/datazone/nmme/output1/NASA-GMAO/GEOS-5/19920301/day/atmos/zmlo']

/datazone/nmme/output1/NASA-GMAO/GEOS-5/19890401/day/atmos:
[u'/datazone/nmme/output1/NASA-GMAO/GEOS-5/19890401/day/atmos/zmlo']

/datazone/nmme/output1/NASA-GMAO/GEOS-5/19870501/day/atmos:
[u'/datazone/nmme/output1/NASA-GMAO/GEOS-5/19870501/day/atmos/zmlo']

/datazone/nmme/output1/NASA-GMAO/GEOS-5/20070301/day/atmos:
[u'/datazone/nmme/output1/NASA-GMAO/GEOS-5/20070301/day/atmos/zmlo']

/datazone/nmme/output1/NASA-GMAO/GEOS-5/19860201/day/atmos:
[u'/datazone/nmme/output1/NASA-GMAO/GEOS-5/19860201/day/atmos/zmlo']

/datazone/nmme/output1/NASA-GMAO/GEOS-5/19820101/day/atmos:
[u'/datazone/nmme/output1/NASA-GMAO/GEOS-5/19820101/day/atmos/zmlo']

/datazone/nmme/output1/NASA-GMAO/GEOS-5/19940201/day/atmos:
[u'/datazone/nmme/output1/NASA-GMAO/GEOS-5/19940201/day/atmos/zmlo']

/datazone/nmme/output1/NASA-GMAO/GEOS-5/19901001/day/atmos:
[u'/datazone/nmme/output1/NASA-GMAO/GEOS-5/19901001/day/atmos/zmlo']

/datazone/nmme/output1/NASA-GMAO/GEOS-5/20100901/day/atmos:
[u'/datazone/nmme/output1/NASA-GMAO/GEOS-5/20100901/day/atmos/zmlo']

/datazone/nmme/output1/NASA-GMAO/GEOS-5/20060401/day/atmos:
[u'/datazone/nmme/output1/NASA-GMAO/GEOS-5/20060401/day/atmos/zmlo']

/datazone/nmme/output1/NASA-GMAO/GEOS-5/20000401/day/atmos:
[u'/datazone/nmme/output1/NASA-GMAO/GEOS-5/20000401/day/atmos/zmlo']

/datazone/nmme/output1/NASA-GMAO/GEOS-5/20050401/day/atmos:
[u'/datazone/nmme/output1/NASA-GMAO/GEOS-5/20050401/day/atmos/zmlo']

/datazone/nmme/output1/NASA-GMAO/GEOS-5/20110101/day/atmos:
[u'/datazone/nmme/output1/NASA-GMAO/GEOS-5/20110101/day/atmos/zmlo']

/datazone/nmme/output1/NASA-GMAO/GEOS-5/19821201/day/atmos:
[u'/datazone/nmme/output1/NASA-GMAO/GEOS-5/19821201/day/atmos/zmlo']

/datazone/nmme/output1/NASA-GMAO/GEOS-5/20050901/day/atmos:
[u'/datazone/nmme/output1/NASA-GMAO/GEOS-5/20050901/day/atmos/zmlo']

/datazone/nmme/output1/NASA-GMAO/GEOS-5/19910501/day/atmos:
[u'/datazone/nmme/output1/NASA-GMAO/GEOS-5/19910501/day/atmos/zmlo']

/datazone/nmme/output1/NASA-GMAO/GEOS-5/19921001/day/atmos:
[u'/datazone/nmme/output1/NASA-GMAO/GEOS-5/19921001/day/atmos/zmlo']

/datazone/nmme/output1/NASA-GMAO/GEOS-5/19890801/day/atmos:
[u'/datazone/nmme/output1/NASA-GMAO/GEOS-5/19890801/day/atmos/zmlo']

/datazone/nmme/output1/NASA-GMAO/GEOS-5/19900901/day/atmos:
[u'/datazone/nmme/output1/NASA-GMAO/GEOS-5/19900901/day/atmos/zmlo']

/datazone/nmme/output1/NASA-GMAO/GEOS-5/19870601/day/atmos:
[u'/datazone/nmme/output1/NASA-GMAO/GEOS-5/19870601/day/atmos/zmlo']

/datazone/nmme/output1/NASA-GMAO/GEOS-5/19910401/day/atmos:
[u'/datazone/nmme/output1/NASA-GMAO/GEOS-5/19910401/day/atmos/zmlo']

/datazone/nmme/output1/NASA-GMAO/GEOS-5/19910901/day/atmos:
[u'/datazone/nmme/output1/NASA-GMAO/GEOS-5/19910901/day/atmos/zmlo']

/datazone/nmme/output1/NASA-GMAO/GEOS-5/19930901/day/atmos:
[u'/datazone/nmme/output1/NASA-GMAO/GEOS-5/19930901/day/atmos/zmlo']

/datazone/nmme/output1/NASA-GMAO/GEOS-5/19850601/day/atmos:
[u'/datazone/nmme/output1/NASA-GMAO/GEOS-5/19850601/day/atmos/zmlo']

/datazone/nmme/output1/NASA-GMAO/GEOS-5/19940801/day/atmos:
[u'/datazone/nmme/output1/NASA-GMAO/GEOS-5/19940801/day/atmos/zmlo']

/datazone/nmme/output1/NASA-GMAO/GEOS-5/20030401/day/atmos:
[u'/datazone/nmme/output1/NASA-GMAO/GEOS-5/20030401/day/atmos/zmlo']

/datazone/nmme/output1/NASA-GMAO/GEOS-5/19831001/day/atmos:
[u'/datazone/nmme/output1/NASA-GMAO/GEOS-5/19831001/day/atmos/zmlo']

/datazone/nmme/output1/NASA-GMAO/GEOS-5/20020201/day/atmos:
[u'/datazone/nmme/output1/NASA-GMAO/GEOS-5/20020201/day/atmos/zmlo']

/datazone/nmme/output1/NASA-GMAO/GEOS-5/20041001/day/atmos:
[u'/datazone/nmme/output1/NASA-GMAO/GEOS-5/20041001/day/atmos/zmlo']

/datazone/nmme/output1/NASA-GMAO/GEOS-5/20080301/day/atmos:
[u'/datazone/nmme/output1/NASA-GMAO/GEOS-5/20080301/day/atmos/zmlo']

/datazone/nmme/output1/NASA-GMAO/GEOS-5/19940901/day/atmos:
[u'/datazone/nmme/output1/NASA-GMAO/GEOS-5/19940901/day/atmos/zmlo']

/datazone/nmme/output1/NASA-GMAO/GEOS-5/20030601/day/atmos:
[u'/datazone/nmme/output1/NASA-GMAO/GEOS-5/20030601/day/atmos/zmlo']

/datazone/nmme/output1/NASA-GMAO/GEOS-5/19831201/day/atmos:
[u'/datazone/nmme/output1/NASA-GMAO/GEOS-5/19831201/day/atmos/zmlo']

/datazone/nmme/output1/NASA-GMAO/GEOS-5/20120601/day/atmos:
[u'/datazone/nmme/output1/NASA-GMAO/GEOS-5/20120601/day/atmos/zmlo']

/datazone/nmme/output1/NASA-GMAO/GEOS-5/19900301/day/atmos:
[u'/datazone/nmme/output1/NASA-GMAO/GEOS-5/19900301/day/atmos/zmlo']

/datazone/nmme/output1/NASA-GMAO/GEOS-5/20041201/day/atmos:
[u'/datazone/nmme/output1/NASA-GMAO/GEOS-5/20041201/day/atmos/zmlo']

/datazone/nmme/output1/NASA-GMAO/GEOS-5/19990401/day/atmos:
[u'/datazone/nmme/output1/NASA-GMAO/GEOS-5/19990401/day/atmos/zmlo']

/datazone/nmme/output1/NASA-GMAO/GEOS-5/19830401/day/atmos:
[u'/datazone/nmme/output1/NASA-GMAO/GEOS-5/19830401/day/atmos/zmlo']

/datazone/nmme/output1/NASA-GMAO/GEOS-5/20100701/day/atmos:
[u'/datazone/nmme/output1/NASA-GMAO/GEOS-5/20100701/day/atmos/zmlo']

/datazone/nmme/output1/NASA-GMAO/GEOS-5/19950901/day/atmos:
[u'/datazone/nmme/output1/NASA-GMAO/GEOS-5/19950901/day/atmos/zmlo']

/datazone/nmme/output1/NASA-GMAO/GEOS-5/20070601/day/atmos:
[u'/datazone/nmme/output1/NASA-GMAO/GEOS-5/20070601/day/atmos/zmlo']

/datazone/nmme/output1/NASA-GMAO/GEOS-5/19830101/day/atmos:
[u'/datazone/nmme/output1/NASA-GMAO/GEOS-5/19830101/day/atmos/zmlo']

/datazone/nmme/output1/NASA-GMAO/GEOS-5/20060201/day/atmos:
[u'/datazone/nmme/output1/NASA-GMAO/GEOS-5/20060201/day/atmos/zmlo']

/datazone/nmme/output1/NASA-GMAO/GEOS-5/20030301/day/atmos:
[u'/datazone/nmme/output1/NASA-GMAO/GEOS-5/20030301/day/atmos/zmlo']

/datazone/nmme/output1/NASA-GMAO/GEOS-5/19960401/day/atmos:
[u'/datazone/nmme/output1/NASA-GMAO/GEOS-5/19960401/day/atmos/zmlo']

/datazone/nmme/output1/NASA-GMAO/GEOS-5/20110801/day/atmos:
[u'/datazone/nmme/output1/NASA-GMAO/GEOS-5/20110801/day/atmos/zmlo']

/datazone/nmme/output1/NASA-GMAO/GEOS-5/20120901/day/atmos:
[u'/datazone/nmme/output1/NASA-GMAO/GEOS-5/20120901/day/atmos/zmlo']

/datazone/nmme/output1/NASA-GMAO/GEOS-5/20120401/day/atmos:
[u'/datazone/nmme/output1/NASA-GMAO/GEOS-5/20120401/day/atmos/zmlo']

/datazone/nmme/output1/NASA-GMAO/GEOS-5/19870701/day/atmos:
[u'/datazone/nmme/output1/NASA-GMAO/GEOS-5/19870701/day/atmos/zmlo']

/datazone/nmme/output1/NASA-GMAO/GEOS-5/20091201/day/atmos:
[u'/datazone/nmme/output1/NASA-GMAO/GEOS-5/20091201/day/atmos/zmlo']

/datazone/nmme/output1/NASA-GMAO/GEOS-5/19980201/day/atmos:
[u'/datazone/nmme/output1/NASA-GMAO/GEOS-5/19980201/day/atmos/zmlo']

/datazone/nmme/output1/NASA-GMAO/GEOS-5/19910201/day/atmos:
[u'/datazone/nmme/output1/NASA-GMAO/GEOS-5/19910201/day/atmos/zmlo']

/datazone/nmme/output1/NASA-GMAO/GEOS-5/19920201/day/atmos:
[u'/datazone/nmme/output1/NASA-GMAO/GEOS-5/19920201/day/atmos/zmlo']

/datazone/nmme/output1/NASA-GMAO/GEOS-5/19880601/day/atmos:
[u'/datazone/nmme/output1/NASA-GMAO/GEOS-5/19880601/day/atmos/zmlo']

/datazone/nmme/output1/NASA-GMAO/GEOS-5/19940101/day/atmos:
[u'/datazone/nmme/output1/NASA-GMAO/GEOS-5/19940101/day/atmos/zmlo']

/datazone/nmme/output1/NASA-GMAO/GEOS-5/20090601/day/atmos:
[u'/datazone/nmme/output1/NASA-GMAO/GEOS-5/20090601/day/atmos/zmlo']

/datazone/nmme/output1/NASA-GMAO/GEOS-5/19930401/day/atmos:
[u'/datazone/nmme/output1/NASA-GMAO/GEOS-5/19930401/day/atmos/zmlo']

/datazone/nmme/output1/NASA-GMAO/GEOS-5/19820201/day/atmos:
[u'/datazone/nmme/output1/NASA-GMAO/GEOS-5/19820201/day/atmos/zmlo']

/datazone/nmme/output1/NASA-GMAO/GEOS-5/19840601/day/atmos:
[u'/datazone/nmme/output1/NASA-GMAO/GEOS-5/19840601/day/atmos/zmlo']

/datazone/nmme/output1/NASA-GMAO/GEOS-5/19920901/day/atmos:
[u'/datazone/nmme/output1/NASA-GMAO/GEOS-5/19920901/day/atmos/zmlo']

/datazone/nmme/output1/NASA-GMAO/GEOS-5/19860301/day/atmos:
[u'/datazone/nmme/output1/NASA-GMAO/GEOS-5/19860301/day/atmos/zmlo']

/datazone/nmme/output1/NASA-GMAO/GEOS-5/20071201/day/atmos:
[u'/datazone/nmme/output1/NASA-GMAO/GEOS-5/20071201/day/atmos/zmlo']

/datazone/nmme/output1/NASA-GMAO/GEOS-5/20080701/day/atmos:
[u'/datazone/nmme/output1/NASA-GMAO/GEOS-5/20080701/day/atmos/zmlo']

/datazone/nmme/output1/NASA-GMAO/GEOS-5/20121001/day/atmos:
[u'/datazone/nmme/output1/NASA-GMAO/GEOS-5/20121001/day/atmos/zmlo']

/datazone/nmme/output1/NASA-GMAO/GEOS-5/19851001/day/atmos:
[u'/datazone/nmme/output1/NASA-GMAO/GEOS-5/19851001/day/atmos/zmlo']

/datazone/nmme/output1/NASA-GMAO/GEOS-5/19930701/day/atmos:
[u'/datazone/nmme/output1/NASA-GMAO/GEOS-5/19930701/day/atmos/zmlo']

/datazone/nmme/output1/NASA-GMAO/GEOS-5/19930301/day/atmos:
[u'/datazone/nmme/output1/NASA-GMAO/GEOS-5/19930301/day/atmos/zmlo']

/datazone/nmme/output1/NASA-GMAO/GEOS-5/20080901/day/atmos:
[u'/datazone/nmme/output1/NASA-GMAO/GEOS-5/20080901/day/atmos/zmlo']

/datazone/nmme/output1/NASA-GMAO/GEOS-5/19860401/day/atmos:
[u'/datazone/nmme/output1/NASA-GMAO/GEOS-5/19860401/day/atmos/zmlo']

/datazone/nmme/output1/NASA-GMAO/GEOS-5/19890901/day/atmos:
[u'/datazone/nmme/output1/NASA-GMAO/GEOS-5/19890901/day/atmos/zmlo']

/datazone/nmme/output1/NASA-GMAO/GEOS-5/19960901/day/atmos:
[u'/datazone/nmme/output1/NASA-GMAO/GEOS-5/19960901/day/atmos/zmlo']

/datazone/nmme/output1/NASA-GMAO/GEOS-5/20040201/day/atmos:
[u'/datazone/nmme/output1/NASA-GMAO/GEOS-5/20040201/day/atmos/zmlo']

/datazone/nmme/output1/NASA-GMAO/GEOS-5/20080101/day/atmos:
[u'/datazone/nmme/output1/NASA-GMAO/GEOS-5/20080101/day/atmos/zmlo']

/datazone/nmme/output1/NASA-GMAO/GEOS-5/19930601/day/atmos:
[u'/datazone/nmme/output1/NASA-GMAO/GEOS-5/19930601/day/atmos/zmlo']

/datazone/nmme/output1/NASA-GMAO/GEOS-5/19920101/day/atmos:
[u'/datazone/nmme/output1/NASA-GMAO/GEOS-5/19920101/day/atmos/zmlo']

/datazone/nmme/output1/NASA-GMAO/GEOS-5/20040901/day/atmos:
[u'/datazone/nmme/output1/NASA-GMAO/GEOS-5/20040901/day/atmos/zmlo']

/datazone/nmme/output1/NASA-GMAO/GEOS-5/19850901/day/atmos:
[u'/datazone/nmme/output1/NASA-GMAO/GEOS-5/19850901/day/atmos/zmlo']

/datazone/nmme/output1/NASA-GMAO/GEOS-5/19870401/day/atmos:
[u'/datazone/nmme/output1/NASA-GMAO/GEOS-5/19870401/day/atmos/zmlo']

/datazone/nmme/output1/NASA-GMAO/GEOS-5/19940701/day/atmos:
[u'/datazone/nmme/output1/NASA-GMAO/GEOS-5/19940701/day/atmos/zmlo']

/datazone/nmme/output1/NASA-GMAO/GEOS-5/20020501/day/atmos:
[u'/datazone/nmme/output1/NASA-GMAO/GEOS-5/20020501/day/atmos/zmlo']

/datazone/nmme/output1/NASA-GMAO/GEOS-5/19860501/day/atmos:
[u'/datazone/nmme/output1/NASA-GMAO/GEOS-5/19860501/day/atmos/zmlo']

/datazone/nmme/output1/NASA-GMAO/GEOS-5/20050301/day/atmos:
[u'/datazone/nmme/output1/NASA-GMAO/GEOS-5/20050301/day/atmos/zmlo']

/datazone/nmme/output1/NASA-GMAO/GEOS-5/19920601/day/atmos:
[u'/datazone/nmme/output1/NASA-GMAO/GEOS-5/19920601/day/atmos/zmlo']

/datazone/nmme/output1/NASA-GMAO/GEOS-5/20120701/day/atmos:
[u'/datazone/nmme/output1/NASA-GMAO/GEOS-5/20120701/day/atmos/zmlo']

/datazone/nmme/output1/NASA-GMAO/GEOS-5/19970901/day/atmos:
[u'/datazone/nmme/output1/NASA-GMAO/GEOS-5/19970901/day/atmos/zmlo']

/datazone/nmme/output1/NASA-GMAO/GEOS-5/19971001/day/atmos:
[u'/datazone/nmme/output1/NASA-GMAO/GEOS-5/19971001/day/atmos/zmlo']

/datazone/nmme/output1/NASA-GMAO/GEOS-5/19971201/day/atmos:
[u'/datazone/nmme/output1/NASA-GMAO/GEOS-5/19971201/day/atmos/zmlo']

/datazone/nmme/output1/NASA-GMAO/GEOS-5/19870101/day/atmos:
[u'/datazone/nmme/output1/NASA-GMAO/GEOS-5/19870101/day/atmos/zmlo']

/datazone/nmme/output1/NASA-GMAO/GEOS-5/20050101/day/atmos:
[u'/datazone/nmme/output1/NASA-GMAO/GEOS-5/20050101/day/atmos/zmlo']

/datazone/nmme/output1/NASA-GMAO/GEOS-5/19950301/day/atmos:
[u'/datazone/nmme/output1/NASA-GMAO/GEOS-5/19950301/day/atmos/zmlo']

/datazone/nmme/output1/NASA-GMAO/GEOS-5/19990901/day/atmos:
[u'/datazone/nmme/output1/NASA-GMAO/GEOS-5/19990901/day/atmos/zmlo']

/datazone/nmme/output1/NASA-GMAO/GEOS-5/20071001/day/atmos:
[u'/datazone/nmme/output1/NASA-GMAO/GEOS-5/20071001/day/atmos/zmlo']

/datazone/nmme/output1/NASA-GMAO/GEOS-5/20100201/day/atmos:
[u'/datazone/nmme/output1/NASA-GMAO/GEOS-5/20100201/day/atmos/zmlo']

/datazone/nmme/output1/NASA-GMAO/GEOS-5/19990501/day/atmos:
[u'/datazone/nmme/output1/NASA-GMAO/GEOS-5/19990501/day/atmos/zmlo']

/datazone/nmme/output1/NASA-GMAO/GEOS-5/19980501/day/atmos:
[u'/datazone/nmme/output1/NASA-GMAO/GEOS-5/19980501/day/atmos/zmlo']

/datazone/nmme/output1/NASA-GMAO/GEOS-5/19930801/day/atmos:
[u'/datazone/nmme/output1/NASA-GMAO/GEOS-5/19930801/day/atmos/zmlo']

/datazone/nmme/output1/NASA-GMAO/GEOS-5/19860601/day/atmos:
[u'/datazone/nmme/output1/NASA-GMAO/GEOS-5/19860601/day/atmos/zmlo']

/datazone/nmme/output1/NASA-GMAO/GEOS-5/20010101/day/atmos:
[u'/datazone/nmme/output1/NASA-GMAO/GEOS-5/20010101/day/atmos/zmlo']

/datazone/nmme/output1/NASA-GMAO/GEOS-5/20060501/day/atmos:
[u'/datazone/nmme/output1/NASA-GMAO/GEOS-5/20060501/day/atmos/zmlo']

/datazone/nmme/output1/NASA-GMAO/GEOS-5/20110201/day/atmos:
[u'/datazone/nmme/output1/NASA-GMAO/GEOS-5/20110201/day/atmos/zmlo']

/datazone/nmme/output1/NASA-GMAO/GEOS-5/19980601/day/atmos:
[u'/datazone/nmme/output1/NASA-GMAO/GEOS-5/19980601/day/atmos/zmlo']

/datazone/nmme/output1/NASA-GMAO/GEOS-5/19910101/day/atmos:
[u'/datazone/nmme/output1/NASA-GMAO/GEOS-5/19910101/day/atmos/zmlo']

/datazone/nmme/output1/NASA-GMAO/GEOS-5/19850501/day/atmos:
[u'/datazone/nmme/output1/NASA-GMAO/GEOS-5/19850501/day/atmos/zmlo']

/datazone/nmme/output1/NASA-GMAO/GEOS-5/20081201/day/atmos:
[u'/datazone/nmme/output1/NASA-GMAO/GEOS-5/20081201/day/atmos/zmlo']

/datazone/nmme/output1/NASA-GMAO/GEOS-5/19910801/day/atmos:
[u'/datazone/nmme/output1/NASA-GMAO/GEOS-5/19910801/day/atmos/zmlo']

/datazone/nmme/output1/NASA-GMAO/GEOS-5/19880201/day/atmos:
[u'/datazone/nmme/output1/NASA-GMAO/GEOS-5/19880201/day/atmos/zmlo']

/datazone/nmme/output1/NASA-GMAO/GEOS-5/20060901/day/atmos:
[u'/datazone/nmme/output1/NASA-GMAO/GEOS-5/20060901/day/atmos/zmlo']

/datazone/nmme/output1/NASA-GMAO/GEOS-5/20101001/day/atmos:
[u'/datazone/nmme/output1/NASA-GMAO/GEOS-5/20101001/day/atmos/zmlo']

/datazone/nmme/output1/NASA-GMAO/GEOS-5/20120201/day/atmos:
[u'/datazone/nmme/output1/NASA-GMAO/GEOS-5/20120201/day/atmos/zmlo']

/datazone/nmme/output1/NASA-GMAO/GEOS-5/20030801/day/atmos:
[u'/datazone/nmme/output1/NASA-GMAO/GEOS-5/20030801/day/atmos/zmlo']

/datazone/nmme/output1/NASA-GMAO/GEOS-5/19891201/day/atmos:
[u'/datazone/nmme/output1/NASA-GMAO/GEOS-5/19891201/day/atmos/zmlo']

/datazone/nmme/output1/NASA-GMAO/GEOS-5/19960301/day/atmos:
[u'/datazone/nmme/output1/NASA-GMAO/GEOS-5/19960301/day/atmos/zmlo']

/datazone/nmme/output1/NASA-GMAO/GEOS-5/19850201/day/atmos:
[u'/datazone/nmme/output1/NASA-GMAO/GEOS-5/19850201/day/atmos/zmlo']

/datazone/nmme/output1/NASA-GMAO/GEOS-5/20040101/day/atmos:
[u'/datazone/nmme/output1/NASA-GMAO/GEOS-5/20040101/day/atmos/zmlo']

/datazone/nmme/output1/NASA-GMAO/GEOS-5/19900101/day/atmos:
[u'/datazone/nmme/output1/NASA-GMAO/GEOS-5/19900101/day/atmos/zmlo']

/datazone/nmme/output1/NASA-GMAO/GEOS-5/19840701/day/atmos:
[u'/datazone/nmme/output1/NASA-GMAO/GEOS-5/19840701/day/atmos/zmlo']

/datazone/nmme/output1/NASA-GMAO/GEOS-5/19850701/day/atmos:
[u'/datazone/nmme/output1/NASA-GMAO/GEOS-5/19850701/day/atmos/zmlo']

/datazone/nmme/output1/NASA-GMAO/GEOS-5/19850301/day/atmos:
[u'/datazone/nmme/output1/NASA-GMAO/GEOS-5/19850301/day/atmos/zmlo']

/datazone/nmme/output1/NASA-GMAO/GEOS-5/19890501/day/atmos:
[u'/datazone/nmme/output1/NASA-GMAO/GEOS-5/19890501/day/atmos/zmlo']

/datazone/nmme/output1/NASA-GMAO/GEOS-5/20120801/day/atmos:
[u'/datazone/nmme/output1/NASA-GMAO/GEOS-5/20120801/day/atmos/zmlo']

/datazone/nmme/output1/NASA-GMAO/GEOS-5/20010701/day/atmos:
[u'/datazone/nmme/output1/NASA-GMAO/GEOS-5/20010701/day/atmos/zmlo']

/datazone/nmme/output1/NASA-GMAO/GEOS-5/19941001/day/atmos:
[u'/datazone/nmme/output1/NASA-GMAO/GEOS-5/19941001/day/atmos/zmlo']

/datazone/nmme/output1/NASA-GMAO/GEOS-5/20000101/day/atmos:
[u'/datazone/nmme/output1/NASA-GMAO/GEOS-5/20000101/day/atmos/zmlo']

/datazone/nmme/output1/NASA-GMAO/GEOS-5/20050501/day/atmos:
[u'/datazone/nmme/output1/NASA-GMAO/GEOS-5/20050501/day/atmos/zmlo']

/datazone/nmme/output1/NASA-GMAO/GEOS-5/19960201/day/atmos:
[u'/datazone/nmme/output1/NASA-GMAO/GEOS-5/19960201/day/atmos/zmlo']

/datazone/nmme/output1/NASA-GMAO/GEOS-5/19920701/day/atmos:
[u'/datazone/nmme/output1/NASA-GMAO/GEOS-5/19920701/day/atmos/zmlo']

/datazone/nmme/output1/NASA-GMAO/GEOS-5/20030901/day/atmos:
[u'/datazone/nmme/output1/NASA-GMAO/GEOS-5/20030901/day/atmos/zmlo']

/datazone/nmme/output1/NASA-GMAO/GEOS-5/19990301/day/atmos:
[u'/datazone/nmme/output1/NASA-GMAO/GEOS-5/19990301/day/atmos/zmlo']

/datazone/nmme/output1/NASA-GMAO/GEOS-5/19960601/day/atmos:
[u'/datazone/nmme/output1/NASA-GMAO/GEOS-5/19960601/day/atmos/zmlo']

/datazone/nmme/output1/NASA-GMAO/GEOS-5/19861201/day/atmos:
[u'/datazone/nmme/output1/NASA-GMAO/GEOS-5/19861201/day/atmos/zmlo']

/datazone/nmme/output1/NASA-GMAO/GEOS-5/20000801/day/atmos:
[u'/datazone/nmme/output1/NASA-GMAO/GEOS-5/20000801/day/atmos/zmlo']

/datazone/nmme/output1/NASA-GMAO/GEOS-5/20070801/day/atmos:
[u'/datazone/nmme/output1/NASA-GMAO/GEOS-5/20070801/day/atmos/zmlo']

/datazone/nmme/output1/NASA-GMAO/GEOS-5/20100101/day/atmos:
[u'/datazone/nmme/output1/NASA-GMAO/GEOS-5/20100101/day/atmos/zmlo']

/datazone/nmme/output1/NASA-GMAO/GEOS-5/19841201/day/atmos:
[u'/datazone/nmme/output1/NASA-GMAO/GEOS-5/19841201/day/atmos/zmlo']

/datazone/nmme/output1/NASA-GMAO/GEOS-5/20110301/day/atmos:
[u'/datazone/nmme/output1/NASA-GMAO/GEOS-5/20110301/day/atmos/zmlo']

/datazone/nmme/output1/NASA-GMAO/GEOS-5/20090401/day/atmos:
[u'/datazone/nmme/output1/NASA-GMAO/GEOS-5/20090401/day/atmos/zmlo']

/datazone/nmme/output1/NASA-GMAO/GEOS-5/19980901/day/atmos:
[u'/datazone/nmme/output1/NASA-GMAO/GEOS-5/19980901/day/atmos/zmlo']

/datazone/nmme/output1/NASA-GMAO/GEOS-5/20110501/day/atmos:
[u'/datazone/nmme/output1/NASA-GMAO/GEOS-5/20110501/day/atmos/zmlo']

/datazone/nmme/output1/NASA-GMAO/GEOS-5/19820301/day/atmos:
[u'/datazone/nmme/output1/NASA-GMAO/GEOS-5/19820301/day/atmos/zmlo']

/datazone/nmme/output1/NASA-GMAO/GEOS-5/19990101/day/atmos:
[u'/datazone/nmme/output1/NASA-GMAO/GEOS-5/19990101/day/atmos/zmlo']

/datazone/nmme/output1/NASA-GMAO/GEOS-5/19960101/day/atmos:
[u'/datazone/nmme/output1/NASA-GMAO/GEOS-5/19960101/day/atmos/zmlo']

/datazone/nmme/output1/NASA-GMAO/GEOS-5/20020801/day/atmos:
[u'/datazone/nmme/output1/NASA-GMAO/GEOS-5/20020801/day/atmos/zmlo']

/datazone/nmme/output1/NASA-GMAO/GEOS-5/20061201/day/atmos:
[u'/datazone/nmme/output1/NASA-GMAO/GEOS-5/20061201/day/atmos/zmlo']

/datazone/nmme/output1/NASA-GMAO/GEOS-5/20040801/day/atmos:
[u'/datazone/nmme/output1/NASA-GMAO/GEOS-5/20040801/day/atmos/zmlo']

/datazone/nmme/output1/NASA-GMAO/GEOS-5/19941201/day/atmos:
[u'/datazone/nmme/output1/NASA-GMAO/GEOS-5/19941201/day/atmos/zmlo']

/datazone/nmme/output1/NASA-GMAO/GEOS-5/19891001/day/atmos:
[u'/datazone/nmme/output1/NASA-GMAO/GEOS-5/19891001/day/atmos/zmlo']

/datazone/nmme/output1/NASA-GMAO/GEOS-5/19840401/day/atmos:
[u'/datazone/nmme/output1/NASA-GMAO/GEOS-5/19840401/day/atmos/zmlo']

/datazone/nmme/output1/NASA-GMAO/GEOS-5/20040401/day/atmos:
[u'/datazone/nmme/output1/NASA-GMAO/GEOS-5/20040401/day/atmos/zmlo']

/datazone/nmme/output1/NASA-GMAO/GEOS-5/19841001/day/atmos:
[u'/datazone/nmme/output1/NASA-GMAO/GEOS-5/19841001/day/atmos/zmlo']

/datazone/nmme/output1/NASA-GMAO/GEOS-5/19970701/day/atmos:
[u'/datazone/nmme/output1/NASA-GMAO/GEOS-5/19970701/day/atmos/zmlo']

/datazone/nmme/output1/NASA-GMAO/GEOS-5/19950601/day/atmos:
[u'/datazone/nmme/output1/NASA-GMAO/GEOS-5/19950601/day/atmos/zmlo']

/datazone/nmme/output1/NASA-GMAO/GEOS-5/20010401/day/atmos:
[u'/datazone/nmme/output1/NASA-GMAO/GEOS-5/20010401/day/atmos/zmlo']

/datazone/nmme/output1/NASA-GMAO/GEOS-5/20070901/day/atmos:
[u'/datazone/nmme/output1/NASA-GMAO/GEOS-5/20070901/day/atmos/zmlo']

/datazone/nmme/output1/NASA-GMAO/GEOS-5/20110601/day/atmos:
[u'/datazone/nmme/output1/NASA-GMAO/GEOS-5/20110601/day/atmos/zmlo']

/datazone/nmme/output1/NASA-GMAO/GEOS-5/20060101/day/atmos:
[u'/datazone/nmme/output1/NASA-GMAO/GEOS-5/20060101/day/atmos/zmlo']

/datazone/nmme/output1/NASA-GMAO/GEOS-5/19870301/day/atmos:
[u'/datazone/nmme/output1/NASA-GMAO/GEOS-5/19870301/day/atmos/zmlo']

/datazone/nmme/output1/NASA-GMAO/GEOS-5/20040701/day/atmos:
[u'/datazone/nmme/output1/NASA-GMAO/GEOS-5/20040701/day/atmos/zmlo']

/datazone/nmme/output1/NASA-GMAO/GEOS-5/20050701/day/atmos:
[u'/datazone/nmme/output1/NASA-GMAO/GEOS-5/20050701/day/atmos/zmlo']

/datazone/nmme/output1/NASA-GMAO/GEOS-5/20040301/day/atmos:
[u'/datazone/nmme/output1/NASA-GMAO/GEOS-5/20040301/day/atmos/zmlo']

/datazone/nmme/output1/NASA-GMAO/GEOS-5/19830301/day/atmos:
[u'/datazone/nmme/output1/NASA-GMAO/GEOS-5/19830301/day/atmos/zmlo']

/datazone/nmme/output1/NASA-GMAO/GEOS-5/19840901/day/atmos:
[u'/datazone/nmme/output1/NASA-GMAO/GEOS-5/19840901/day/atmos/zmlo']

/datazone/nmme/output1/NASA-GMAO/GEOS-5/19940501/day/atmos:
[u'/datazone/nmme/output1/NASA-GMAO/GEOS-5/19940501/day/atmos/zmlo']

/datazone/nmme/output1/NASA-GMAO/GEOS-5/19980301/day/atmos:
[u'/datazone/nmme/output1/NASA-GMAO/GEOS-5/19980301/day/atmos/zmlo']

/datazone/nmme/output1/NASA-GMAO/GEOS-5/20090801/day/atmos:
[u'/datazone/nmme/output1/NASA-GMAO/GEOS-5/20090801/day/atmos/zmlo']

/datazone/nmme/output1/NASA-GMAO/GEOS-5/20040601/day/atmos:
[u'/datazone/nmme/output1/NASA-GMAO/GEOS-5/20040601/day/atmos/zmlo']

/datazone/nmme/output1/NASA-GMAO/GEOS-5/19881001/day/atmos:
[u'/datazone/nmme/output1/NASA-GMAO/GEOS-5/19881001/day/atmos/zmlo']

/datazone/nmme/output1/NASA-GMAO/GEOS-5/19840301/day/atmos:
[u'/datazone/nmme/output1/NASA-GMAO/GEOS-5/19840301/day/atmos/zmlo']

/datazone/nmme/output1/NASA-GMAO/GEOS-5/19830501/day/atmos:
[u'/datazone/nmme/output1/NASA-GMAO/GEOS-5/19830501/day/atmos/zmlo']

/datazone/nmme/output1/NASA-GMAO/GEOS-5/20020101/day/atmos:
[u'/datazone/nmme/output1/NASA-GMAO/GEOS-5/20020101/day/atmos/zmlo']

/datazone/nmme/output1/NASA-GMAO/GEOS-5/20030701/day/atmos:
[u'/datazone/nmme/output1/NASA-GMAO/GEOS-5/20030701/day/atmos/zmlo']

/datazone/nmme/output1/NASA-GMAO/GEOS-5/19930501/day/atmos:
[u'/datazone/nmme/output1/NASA-GMAO/GEOS-5/19930501/day/atmos/zmlo']

/datazone/nmme/output1/NASA-GMAO/GEOS-5/19920401/day/atmos:
[u'/datazone/nmme/output1/NASA-GMAO/GEOS-5/19920401/day/atmos/zmlo']

/datazone/nmme/output1/NASA-GMAO/GEOS-5/19920801/day/atmos:
[u'/datazone/nmme/output1/NASA-GMAO/GEOS-5/19920801/day/atmos/zmlo']

/datazone/nmme/output1/NASA-GMAO/GEOS-5/20050601/day/atmos:
[u'/datazone/nmme/output1/NASA-GMAO/GEOS-5/20050601/day/atmos/zmlo']

/datazone/nmme/output1/NASA-GMAO/GEOS-5/19880401/day/atmos:
[u'/datazone/nmme/output1/NASA-GMAO/GEOS-5/19880401/day/atmos/zmlo']

/datazone/nmme/output1/NASA-GMAO/GEOS-5/20000901/day/atmos:
[u'/datazone/nmme/output1/NASA-GMAO/GEOS-5/20000901/day/atmos/zmlo']

/datazone/nmme/output1/NASA-GMAO/GEOS-5/19961001/day/atmos:
[u'/datazone/nmme/output1/NASA-GMAO/GEOS-5/19961001/day/atmos/zmlo']

/datazone/nmme/output1/NASA-GMAO/GEOS-5/20001001/day/atmos:
[u'/datazone/nmme/output1/NASA-GMAO/GEOS-5/20001001/day/atmos/zmlo']

/datazone/nmme/output1/NASA-GMAO/GEOS-5/20001201/day/atmos:
[u'/datazone/nmme/output1/NASA-GMAO/GEOS-5/20001201/day/atmos/zmlo']

/datazone/nmme/output1/NASA-GMAO/GEOS-5/19990801/day/atmos:
[u'/datazone/nmme/output1/NASA-GMAO/GEOS-5/19990801/day/atmos/zmlo']

/datazone/nmme/output1/NASA-GMAO/GEOS-5/20020301/day/atmos:
[u'/datazone/nmme/output1/NASA-GMAO/GEOS-5/20020301/day/atmos/zmlo']

/datazone/nmme/output1/NASA-GMAO/GEOS-5/19950101/day/atmos:
[u'/datazone/nmme/output1/NASA-GMAO/GEOS-5/19950101/day/atmos/zmlo']

/datazone/nmme/output1/NASA-GMAO/GEOS-5/19840801/day/atmos:
[u'/datazone/nmme/output1/NASA-GMAO/GEOS-5/19840801/day/atmos/zmlo']

/datazone/nmme/output1/NASA-GMAO/GEOS-5/19961201/day/atmos:
[u'/datazone/nmme/output1/NASA-GMAO/GEOS-5/19961201/day/atmos/zmlo']

/datazone/nmme/output1/NASA-GMAO/GEOS-5/20111001/day/atmos:
[u'/datazone/nmme/output1/NASA-GMAO/GEOS-5/20111001/day/atmos/zmlo']

/datazone/nmme/output1/NASA-GMAO/GEOS-5/19870901/day/atmos:
[u'/datazone/nmme/output1/NASA-GMAO/GEOS-5/19870901/day/atmos/zmlo']

/datazone/nmme/output1/NASA-GMAO/GEOS-5/19900501/day/atmos:
[u'/datazone/nmme/output1/NASA-GMAO/GEOS-5/19900501/day/atmos/zmlo']

/datazone/nmme/output1/NASA-GMAO/GEOS-5/19880701/day/atmos:
[u'/datazone/nmme/output1/NASA-GMAO/GEOS-5/19880701/day/atmos/zmlo']

/datazone/nmme/output1/NASA-GMAO/GEOS-5/20060301/day/atmos:
[u'/datazone/nmme/output1/NASA-GMAO/GEOS-5/20060301/day/atmos/zmlo']

/datazone/nmme/output1/NASA-GMAO/GEOS-5/20060801/day/atmos:
[u'/datazone/nmme/output1/NASA-GMAO/GEOS-5/20060801/day/atmos/zmlo']

/datazone/nmme/output1/NASA-GMAO/GEOS-5/19830701/day/atmos:
[u'/datazone/nmme/output1/NASA-GMAO/GEOS-5/19830701/day/atmos/zmlo']

/datazone/nmme/output1/NASA-GMAO/GEOS-5/20110701/day/atmos:
[u'/datazone/nmme/output1/NASA-GMAO/GEOS-5/20110701/day/atmos/zmlo']

/datazone/nmme/output1/NASA-GMAO/GEOS-5/20091001/day/atmos:
[u'/datazone/nmme/output1/NASA-GMAO/GEOS-5/20091001/day/atmos/zmlo']


MISSING ENSEMBLES: 


Total Files Expected: [3720]
Total Files Found:    [0]
Percent Found:        [0.00]
